Using pre-set license
Built from '2020.3/staging' branch; Version is '2020.3.8f1 (507919d4fff5) revision 5273881'; Using compiler version '192528614'; Build Type 'Release'
OS: 'Windows 10 Home Single Language; OS build 19042.1110; Version 2009; 64bit' Language: 'tr' Physical Memory: 16173 MB
BatchMode: 1, IsHumanControllingUs: 0, StartBugReporterOnCrash: 0, Is64bit: 1, IsPro: 0

 COMMAND LINE ARGUMENTS:
C:\Program Files\Unity\Hub\Editor\2020.3.8f1\Editor\Unity.exe
-adb2
-batchMode
-noUpm
-name
AssetImportWorker0
-projectPath
C:/Users/mertk/Documents/Github/Unity/Sj-adam-vuruyo/sj
-logFile
Logs/AssetImportWorker0.log
-srvPort
51060
Successfully changed project path to: C:/Users/mertk/Documents/Github/Unity/Sj-adam-vuruyo/sj
C:/Users/mertk/Documents/Github/Unity/Sj-adam-vuruyo/sj
Using Asset Import Pipeline V2.
Refreshing native plugins compatible for Editor in 130.82 ms, found 1 plugins.
Preloading 0 native plugins for Editor in 0.00 ms.
Initialize engine version: 2020.3.8f1 (507919d4fff5)
[Subsystems] Discovering subsystems at path C:/Program Files/Unity/Hub/Editor/2020.3.8f1/Editor/Data/Resources/UnitySubsystems
[Subsystems] Discovering subsystems at path C:/Users/mertk/Documents/Github/Unity/Sj-adam-vuruyo/sj/Assets
GfxDevice: creating device client; threaded=0
Direct3D:
    Version:  Direct3D 11.0 [level 11.1]
    Renderer: NVIDIA GeForce GTX 1650 (ID=0x1f99)
    Vendor:   
    VRAM:     3962 MB
    Driver:   30.0.14.7111
Initialize mono
Mono path[0] = 'C:/Program Files/Unity/Hub/Editor/2020.3.8f1/Editor/Data/Managed'
Mono path[1] = 'C:/Program Files/Unity/Hub/Editor/2020.3.8f1/Editor/Data/MonoBleedingEdge/lib/mono/unityjit'
Mono config path = 'C:/Program Files/Unity/Hub/Editor/2020.3.8f1/Editor/Data/MonoBleedingEdge/etc'
Using monoOptions --debugger-agent=transport=dt_socket,embedding=1,server=y,suspend=n,address=127.0.0.1:56548
Begin MonoManager ReloadAssembly
Registering precompiled unity dll's ...
Register platform support module: C:/Program Files/Unity/Hub/Editor/2020.3.8f1/Editor/Data/PlaybackEngines/WindowsStandaloneSupport/UnityEditor.WindowsStandalone.Extensions.dll
Registered in 0.004727 seconds.
Native extension for WindowsStandalone target not found
Refreshing native plugins compatible for Editor in 127.44 ms, found 1 plugins.
Preloading 0 native plugins for Editor in 0.00 ms.
Mono: successfully reloaded assembly
- Completed reload, in  1.650 seconds
Platform modules already initialized, skipping
Registering precompiled user dll's ...
Registered in 0.013895 seconds.
Begin MonoManager ReloadAssembly
Symbol file LoadedFromMemory is not a mono symbol file
Native extension for WindowsStandalone target not found
Refreshing native plugins compatible for Editor in 161.76 ms, found 1 plugins.
Preloading 0 native plugins for Editor in 0.00 ms.
Mono: successfully reloaded assembly
- Completed reload, in  2.752 seconds
Platform modules already initialized, skipping
========================================================================
Worker process is ready to serve import requests
Launched and connected shader compiler UnityShaderCompiler.exe after 0.06 seconds
Refreshing native plugins compatible for Editor in 0.94 ms, found 1 plugins.
Preloading 0 native plugins for Editor in 0.00 ms.
Unloading 3876 Unused Serialized files (Serialized files now loaded: 0)
System memory in use before: 187.1 MB.
System memory in use after: 187.3 MB.

Unloading 36 unused Assets to reduce memory usage. Loaded Objects now: 4354.
Total: 3.550800 ms (FindLiveObjects: 0.402800 ms CreateObjectMapping: 0.277200 ms MarkObjects: 2.772100 ms  DeleteObjects: 0.096800 ms)

========================================================================
Received Import Request.
  path: Assets/Scripts/Networking/Senkranizasyon.cs
  artifactKey: Guid(d06e7b6b50c055b41bc3db8f91c7f52a) Importer(815301076,1909f56bfc062723c751e8b465ee728b)
Start importing Assets/Scripts/Networking/Senkranizasyon.cs using Guid(d06e7b6b50c055b41bc3db8f91c7f52a) Importer(815301076,1909f56bfc062723c751e8b465ee728b)  -> (artifact id: '18995fa9ee4d22036e366d1dbaaf205d') in 0.032862 seconds
  Import took 0.042090 seconds .

========================================================================
Received Import Request.
  Time since last request: 58.276157 seconds.
  path: Assets/Scripts/Networking/Senkranizasyon.cs
  artifactKey: Guid(d06e7b6b50c055b41bc3db8f91c7f52a) Importer(815301076,1909f56bfc062723c751e8b465ee728b)
Start importing Assets/Scripts/Networking/Senkranizasyon.cs using Guid(d06e7b6b50c055b41bc3db8f91c7f52a) Importer(815301076,1909f56bfc062723c751e8b465ee728b)  -> (artifact id: 'b570109ffea4ce284a01480152f434ea') in 0.002009 seconds
  Import took 0.008433 seconds .

========================================================================
Received Import Request.
  Time since last request: 15.875622 seconds.
  path: Assets/Scripts/Networking/Senkranizasyon.cs
  artifactKey: Guid(d06e7b6b50c055b41bc3db8f91c7f52a) Importer(815301076,1909f56bfc062723c751e8b465ee728b)
Start importing Assets/Scripts/Networking/Senkranizasyon.cs using Guid(d06e7b6b50c055b41bc3db8f91c7f52a) Importer(815301076,1909f56bfc062723c751e8b465ee728b)  -> (artifact id: '78ca5f871bca5a5e903188042743cc09') in 0.002222 seconds
  Import took 0.008742 seconds .

========================================================================
Received Prepare
Registering precompiled user dll's ...
Registered in 0.008733 seconds.
Begin MonoManager ReloadAssembly
Symbol file LoadedFromMemory is not a mono symbol file
Native extension for WindowsStandalone target not found
Refreshing native plugins compatible for Editor in 1.32 ms, found 1 plugins.
Preloading 0 native plugins for Editor in 0.00 ms.
Mono: successfully reloaded assembly
- Completed reload, in  1.429 seconds
Platform modules already initialized, skipping
Refreshing native plugins compatible for Editor in 0.88 ms, found 1 plugins.
Preloading 0 native plugins for Editor in 0.00 ms.
Unloading 3583 Unused Serialized files (Serialized files now loaded: 0)
System memory in use before: 171.4 MB.
System memory in use after: 171.7 MB.

Unloading 29 unused Assets to reduce memory usage. Loaded Objects now: 4357.
Total: 3.089900 ms (FindLiveObjects: 0.360900 ms CreateObjectMapping: 0.222400 ms MarkObjects: 2.482500 ms  DeleteObjects: 0.023100 ms)

========================================================================
Received Prepare
Registering precompiled user dll's ...
Registered in 0.007310 seconds.
Begin MonoManager ReloadAssembly
Symbol file LoadedFromMemory is not a mono symbol file
Native extension for WindowsStandalone target not found
Refreshing native plugins compatible for Editor in 1.02 ms, found 1 plugins.
Preloading 0 native plugins for Editor in 0.00 ms.
Mono: successfully reloaded assembly
- Completed reload, in  1.277 seconds
Platform modules already initialized, skipping
Refreshing native plugins compatible for Editor in 0.82 ms, found 1 plugins.
Preloading 0 native plugins for Editor in 0.00 ms.
Unloading 3583 Unused Serialized files (Serialized files now loaded: 0)
System memory in use before: 171.5 MB.
System memory in use after: 171.7 MB.

Unloading 29 unused Assets to reduce memory usage. Loaded Objects now: 4360.
Total: 2.772200 ms (FindLiveObjects: 0.352200 ms CreateObjectMapping: 0.215500 ms MarkObjects: 2.183200 ms  DeleteObjects: 0.020400 ms)

========================================================================
Received Import Request.
  Time since last request: 251.352418 seconds.
  path: Assets/Scripts/Networking/Senkranizasyon.cs
  artifactKey: Guid(d06e7b6b50c055b41bc3db8f91c7f52a) Importer(815301076,1909f56bfc062723c751e8b465ee728b)
Start importing Assets/Scripts/Networking/Senkranizasyon.cs using Guid(d06e7b6b50c055b41bc3db8f91c7f52a) Importer(815301076,1909f56bfc062723c751e8b465ee728b)  -> (artifact id: 'da8380daed16068e5b1834bc9fef1087') in 0.006082 seconds
  Import took 0.012595 seconds .

AssetImportWorkerClient::OnTransportError - code=2 error=End of file
