Using pre-set license
Built from '2020.3/staging' branch; Version is '2020.3.8f1 (507919d4fff5) revision 5273881'; Using compiler version '192528614'; Build Type 'Release'
OS: 'Windows 10 Home Single Language; OS build 19042.1083; Version 2009; 64bit' Language: 'tr' Physical Memory: 16173 MB
BatchMode: 1, IsHumanControllingUs: 0, StartBugReporterOnCrash: 0, Is64bit: 1, IsPro: 0

 COMMAND LINE ARGUMENTS:
C:\Program Files\Unity\Hub\Editor\2020.3.8f1\Editor\Unity.exe
-adb2
-batchMode
-noUpm
-name
AssetImportWorker0
-projectPath
C:/Users/mertk/Documents/Github/Unity/Sj-adam-vuruyo/sj
-logFile
Logs/AssetImportWorker0.log
-srvPort
58977
Successfully changed project path to: C:/Users/mertk/Documents/Github/Unity/Sj-adam-vuruyo/sj
C:/Users/mertk/Documents/Github/Unity/Sj-adam-vuruyo/sj
Using Asset Import Pipeline V2.
Refreshing native plugins compatible for Editor in 75.05 ms, found 1 plugins.
Preloading 0 native plugins for Editor in 0.00 ms.
Initialize engine version: 2020.3.8f1 (507919d4fff5)
[Subsystems] Discovering subsystems at path C:/Program Files/Unity/Hub/Editor/2020.3.8f1/Editor/Data/Resources/UnitySubsystems
[Subsystems] Discovering subsystems at path C:/Users/mertk/Documents/Github/Unity/Sj-adam-vuruyo/sj/Assets
GfxDevice: creating device client; threaded=0
Direct3D:
    Version:  Direct3D 11.0 [level 11.1]
    Renderer: NVIDIA GeForce GTX 1650 (ID=0x1f99)
    Vendor:   
    VRAM:     3962 MB
    Driver:   30.0.14.7111
Initialize mono
Mono path[0] = 'C:/Program Files/Unity/Hub/Editor/2020.3.8f1/Editor/Data/Managed'
Mono path[1] = 'C:/Program Files/Unity/Hub/Editor/2020.3.8f1/Editor/Data/MonoBleedingEdge/lib/mono/unityjit'
Mono config path = 'C:/Program Files/Unity/Hub/Editor/2020.3.8f1/Editor/Data/MonoBleedingEdge/etc'
Using monoOptions --debugger-agent=transport=dt_socket,embedding=1,server=y,suspend=n,address=127.0.0.1:56968
Begin MonoManager ReloadAssembly
Registering precompiled unity dll's ...
Register platform support module: C:/Program Files/Unity/Hub/Editor/2020.3.8f1/Editor/Data/PlaybackEngines/WindowsStandaloneSupport/UnityEditor.WindowsStandalone.Extensions.dll
Registered in 0.001585 seconds.
Native extension for WindowsStandalone target not found
Refreshing native plugins compatible for Editor in 73.73 ms, found 1 plugins.
Preloading 0 native plugins for Editor in 0.00 ms.
Mono: successfully reloaded assembly
- Completed reload, in  0.946 seconds
Platform modules already initialized, skipping
Registering precompiled user dll's ...
Registered in 0.007760 seconds.
Begin MonoManager ReloadAssembly
Symbol file LoadedFromMemory is not a mono symbol file
Native extension for WindowsStandalone target not found
Refreshing native plugins compatible for Editor in 75.62 ms, found 1 plugins.
Preloading 0 native plugins for Editor in 0.00 ms.
Mono: successfully reloaded assembly
- Completed reload, in  1.358 seconds
Platform modules already initialized, skipping
========================================================================
Worker process is ready to serve import requests
Launched and connected shader compiler UnityShaderCompiler.exe after 0.03 seconds
Refreshing native plugins compatible for Editor in 0.81 ms, found 1 plugins.
Preloading 0 native plugins for Editor in 0.00 ms.
Unloading 3876 Unused Serialized files (Serialized files now loaded: 0)
System memory in use before: 186.7 MB.
System memory in use after: 186.9 MB.

Unloading 36 unused Assets to reduce memory usage. Loaded Objects now: 4354.
Total: 3.434400 ms (FindLiveObjects: 0.403000 ms CreateObjectMapping: 0.249700 ms MarkObjects: 2.711700 ms  DeleteObjects: 0.069000 ms)

========================================================================
Received Import Request.
  path: Assets/Scripts/Conttrollrer.cs
  artifactKey: Guid(80c4cf86697425d4ebd50ab3d557f7c5) Importer(815301076,1909f56bfc062723c751e8b465ee728b)
Start importing Assets/Scripts/Conttrollrer.cs using Guid(80c4cf86697425d4ebd50ab3d557f7c5) Importer(815301076,1909f56bfc062723c751e8b465ee728b)  -> (artifact id: '6ed9191820cf224f4b18591d6495a20f') in 0.031488 seconds
  Import took 0.037415 seconds .

========================================================================
Received Import Request.
  Time since last request: 2.148461 seconds.
  path: Assets/Scripts/MENU
  artifactKey: Guid(0aba7ec2ad0938b4cb22678a6d59a401) Importer(815301076,1909f56bfc062723c751e8b465ee728b)
Start importing Assets/Scripts/MENU using Guid(0aba7ec2ad0938b4cb22678a6d59a401) Importer(815301076,1909f56bfc062723c751e8b465ee728b)  -> (artifact id: 'caac0f6d33c613059b3cd363be6efb5c') in 0.006980 seconds
  Import took 0.013014 seconds .

========================================================================
Received Import Request.
  Time since last request: 4.941432 seconds.
  path: Assets/Scripts/Diğer/RenkKaydedici.cs
  artifactKey: Guid(086dfd15e15690148ad98ed27a79bdce) Importer(815301076,1909f56bfc062723c751e8b465ee728b)
Start importing Assets/Scripts/Diğer/RenkKaydedici.cs using Guid(086dfd15e15690148ad98ed27a79bdce) Importer(815301076,1909f56bfc062723c751e8b465ee728b)  -> (artifact id: '3eba29c34d2af9c02e67eeb38fec8f5d') in 0.006842 seconds
  Import took 0.012276 seconds .

========================================================================
Received Import Request.
  Time since last request: 0.001208 seconds.
  path: Assets/Scripts/Diğer/RenkKaydedici.cs
  artifactKey: Guid(086dfd15e15690148ad98ed27a79bdce) Importer(815301076,1909f56bfc062723c751e8b465ee728b)
Start importing Assets/Scripts/Diğer/RenkKaydedici.cs using Guid(086dfd15e15690148ad98ed27a79bdce) Importer(815301076,1909f56bfc062723c751e8b465ee728b)  -> (artifact id: '3eba29c34d2af9c02e67eeb38fec8f5d') in 0.002028 seconds
  Import took 0.008122 seconds .

========================================================================
Received Prepare
Registering precompiled user dll's ...
Registered in 0.009554 seconds.
Begin MonoManager ReloadAssembly
Symbol file LoadedFromMemory is not a mono symbol file
Native extension for WindowsStandalone target not found
Refreshing native plugins compatible for Editor in 1.87 ms, found 1 plugins.
Preloading 0 native plugins for Editor in 0.00 ms.
Mono: successfully reloaded assembly
- Completed reload, in  1.933 seconds
Platform modules already initialized, skipping
Refreshing native plugins compatible for Editor in 1.80 ms, found 1 plugins.
Preloading 0 native plugins for Editor in 0.00 ms.
Unloading 3583 Unused Serialized files (Serialized files now loaded: 0)
System memory in use before: 171.1 MB.
System memory in use after: 171.3 MB.

Unloading 29 unused Assets to reduce memory usage. Loaded Objects now: 4357.
Total: 4.904200 ms (FindLiveObjects: 0.841600 ms CreateObjectMapping: 0.531300 ms MarkObjects: 3.491200 ms  DeleteObjects: 0.037700 ms)

========================================================================
Received Import Request.
  Time since last request: 260.040639 seconds.
  path: Assets/Scripts/EventListener.cs
  artifactKey: Guid(79b9a229cd6ab744197cb1afba2590fe) Importer(815301076,1909f56bfc062723c751e8b465ee728b)
Start importing Assets/Scripts/EventListener.cs using Guid(79b9a229cd6ab744197cb1afba2590fe) Importer(815301076,1909f56bfc062723c751e8b465ee728b)  -> (artifact id: '0e31ab0ab83fd49d9f84a69995fd9983') in 0.012148 seconds
  Import took 0.019345 seconds .

========================================================================
Received Import Request.
  Time since last request: 148.388292 seconds.
  path: Assets/Scripts/Networking/NetworkCallbacks.cs
  artifactKey: Guid(5915c66d759fc5b4e80c3ecbcc6a31c9) Importer(815301076,1909f56bfc062723c751e8b465ee728b)
Start importing Assets/Scripts/Networking/NetworkCallbacks.cs using Guid(5915c66d759fc5b4e80c3ecbcc6a31c9) Importer(815301076,1909f56bfc062723c751e8b465ee728b)  -> (artifact id: '421297fd884d0aea7c57b7014532b27f') in 0.006557 seconds
  Import took 0.012936 seconds .

========================================================================
Received Import Request.
  Time since last request: 0.000733 seconds.
  path: Assets/Scripts/Networking/NetworkCallbacks.cs
  artifactKey: Guid(5915c66d759fc5b4e80c3ecbcc6a31c9) Importer(815301076,1909f56bfc062723c751e8b465ee728b)
Start importing Assets/Scripts/Networking/NetworkCallbacks.cs using Guid(5915c66d759fc5b4e80c3ecbcc6a31c9) Importer(815301076,1909f56bfc062723c751e8b465ee728b)  -> (artifact id: '421297fd884d0aea7c57b7014532b27f') in 0.002134 seconds
  Import took 0.007770 seconds .

========================================================================
Received Import Request.
  Time since last request: 0.596646 seconds.
  path: Assets/Scripts/Networking/OdadanCikma.cs
  artifactKey: Guid(b1b92adcda76ec240a460f22b195bd00) Importer(815301076,1909f56bfc062723c751e8b465ee728b)
Start importing Assets/Scripts/Networking/OdadanCikma.cs using Guid(b1b92adcda76ec240a460f22b195bd00) Importer(815301076,1909f56bfc062723c751e8b465ee728b)  -> (artifact id: 'b08d5c43a2a9dbb2c97d8f6ef0335a77') in 0.007187 seconds
  Import took 0.013132 seconds .

========================================================================
Received Import Request.
  Time since last request: 0.002208 seconds.
  path: Assets/Scripts/Networking/OdadanCikma.cs
  artifactKey: Guid(b1b92adcda76ec240a460f22b195bd00) Importer(815301076,1909f56bfc062723c751e8b465ee728b)
Start importing Assets/Scripts/Networking/OdadanCikma.cs using Guid(b1b92adcda76ec240a460f22b195bd00) Importer(815301076,1909f56bfc062723c751e8b465ee728b)  -> (artifact id: 'b08d5c43a2a9dbb2c97d8f6ef0335a77') in 0.002478 seconds
  Import took 0.009427 seconds .

========================================================================
Received Import Request.
  Time since last request: 0.732974 seconds.
  path: Assets/Scripts/Networking/Senkranizasyon.cs
  artifactKey: Guid(d06e7b6b50c055b41bc3db8f91c7f52a) Importer(815301076,1909f56bfc062723c751e8b465ee728b)
Start importing Assets/Scripts/Networking/Senkranizasyon.cs using Guid(d06e7b6b50c055b41bc3db8f91c7f52a) Importer(815301076,1909f56bfc062723c751e8b465ee728b)  -> (artifact id: '5c7af6a6b28770fbc175f506c8d5802d') in 0.006340 seconds
  Import took 0.011745 seconds .

========================================================================
Received Import Request.
  Time since last request: 1682.305967 seconds.
  path: Assets/Scenes/za.unity
  artifactKey: Guid(895c9a5ccb84cdb4caa7ab0bdb710ceb) Importer(815301076,1909f56bfc062723c751e8b465ee728b)
Start importing Assets/Scenes/za.unity using Guid(895c9a5ccb84cdb4caa7ab0bdb710ceb) Importer(815301076,1909f56bfc062723c751e8b465ee728b)  -> (artifact id: '4b3a8bae05f700920a41cb0840a8f186') in 0.023481 seconds
  Import took 0.029716 seconds .

========================================================================
Received Import Request.
  Time since last request: 7.488613 seconds.
  path: Assets/Scenes/Mermer Harita.unity
  artifactKey: Guid(895c9a5ccb84cdb4caa7ab0bdb710ceb) Importer(815301076,1909f56bfc062723c751e8b465ee728b)
Start importing Assets/Scenes/Mermer Harita.unity using Guid(895c9a5ccb84cdb4caa7ab0bdb710ceb) Importer(815301076,1909f56bfc062723c751e8b465ee728b)  -> (artifact id: 'e1703d46ee191e012ceab5aaa076b1fc') in 0.007712 seconds
  Import took 0.013479 seconds .

========================================================================
Received Import Request.
  Time since last request: 502.035485 seconds.
  path: Assets/Scenes/Haritalar
  artifactKey: Guid(00a57f671744a744ab2ad3eedc9af2fa) Importer(815301076,1909f56bfc062723c751e8b465ee728b)
Start importing Assets/Scenes/Haritalar using Guid(00a57f671744a744ab2ad3eedc9af2fa) Importer(815301076,1909f56bfc062723c751e8b465ee728b)  -> (artifact id: 'ef59cfb89d79f8116ed87433f9b2786a') in 0.011138 seconds
  Import took 0.023794 seconds .

========================================================================
Received Import Request.
  Time since last request: 16.124135 seconds.
  path: Assets/Scenes/Haritalar/MermerHaritaDM.unity
  artifactKey: Guid(895c9a5ccb84cdb4caa7ab0bdb710ceb) Importer(815301076,1909f56bfc062723c751e8b465ee728b)
Start importing Assets/Scenes/Haritalar/MermerHaritaDM.unity using Guid(895c9a5ccb84cdb4caa7ab0bdb710ceb) Importer(815301076,1909f56bfc062723c751e8b465ee728b)  -> (artifact id: 'bbb23204a94b9758e0a2470c0d806362') in 0.011013 seconds
  Import took 0.019207 seconds .

========================================================================
Received Import Request.
  Time since last request: 7.919629 seconds.
  path: Assets/Scenes/Haritalar/DM_MermerHarita.unity
  artifactKey: Guid(895c9a5ccb84cdb4caa7ab0bdb710ceb) Importer(815301076,1909f56bfc062723c751e8b465ee728b)
Start importing Assets/Scenes/Haritalar/DM_MermerHarita.unity using Guid(895c9a5ccb84cdb4caa7ab0bdb710ceb) Importer(815301076,1909f56bfc062723c751e8b465ee728b)  -> (artifact id: 'a7a04256ae0753be409c55a9922b7eff') in 0.010840 seconds
  Import took 0.018988 seconds .

========================================================================
Received Prepare
Registering precompiled user dll's ...
Registered in 0.011883 seconds.
Begin MonoManager ReloadAssembly
Symbol file LoadedFromMemory is not a mono symbol file
Native extension for WindowsStandalone target not found
Refreshing native plugins compatible for Editor in 1.10 ms, found 1 plugins.
Preloading 0 native plugins for Editor in 0.00 ms.
Mono: successfully reloaded assembly
- Completed reload, in  1.793 seconds
Platform modules already initialized, skipping
Refreshing native plugins compatible for Editor in 0.93 ms, found 1 plugins.
Preloading 0 native plugins for Editor in 0.00 ms.
Unloading 3583 Unused Serialized files (Serialized files now loaded: 0)
System memory in use before: 171.2 MB.
System memory in use after: 171.4 MB.

Unloading 29 unused Assets to reduce memory usage. Loaded Objects now: 4360.
Total: 3.979200 ms (FindLiveObjects: 0.544900 ms CreateObjectMapping: 0.369700 ms MarkObjects: 3.033600 ms  DeleteObjects: 0.029400 ms)

========================================================================
Received Prepare
Registering precompiled user dll's ...
Registered in 0.011572 seconds.
Begin MonoManager ReloadAssembly
Symbol file LoadedFromMemory is not a mono symbol file
Native extension for WindowsStandalone target not found
Refreshing native plugins compatible for Editor in 0.96 ms, found 1 plugins.
Preloading 0 native plugins for Editor in 0.00 ms.
Mono: successfully reloaded assembly
- Completed reload, in  1.541 seconds
Platform modules already initialized, skipping
Refreshing native plugins compatible for Editor in 0.98 ms, found 1 plugins.
Preloading 0 native plugins for Editor in 0.00 ms.
Unloading 3583 Unused Serialized files (Serialized files now loaded: 0)
System memory in use before: 171.2 MB.
System memory in use after: 171.5 MB.

Unloading 29 unused Assets to reduce memory usage. Loaded Objects now: 4363.
Total: 4.657900 ms (FindLiveObjects: 0.652300 ms CreateObjectMapping: 0.378600 ms MarkObjects: 3.590300 ms  DeleteObjects: 0.035500 ms)

