
=== Sun Oct  3 21:06:44 2021

Packages were changed.
Update Mode: updateDependencies

The following packages were updated:
  com.unity.collab-proxy from version 1.3.9 to 1.9.0
  com.unity.ide.visualstudio from version 2.0.7 to 2.0.11
  com.unity.ide.vscode from version 1.2.3 to 1.2.4
  com.unity.render-pipelines.high-definition from version 10.5.0 to 10.6.0
  com.unity.test-framework from version 1.1.24 to 1.1.29
  com.unity.textmeshpro from version 3.0.4 to 3.0.6
  com.unity.timeline from version 1.4.7 to 1.4.8

=== Tue Mar 29 10:58:49 2022

Packages were changed.
Update Mode: updateDependencies

The following packages were updated:
  com.unity.collab-proxy from version 1.9.0 to 1.15.12
  com.unity.ide.visualstudio from version 2.0.11 to 2.0.14
  com.unity.inputsystem from version 1.0.2 to 1.3.0
  com.unity.render-pipelines.high-definition from version 10.6.0 to 10.8.1

=== Sun Apr 10 15:08:46 2022

Packages were changed.
Update Mode: updateDependencies

The following packages were updated:
  com.unity.collab-proxy from version 1.15.12 to 1.15.13
  com.unity.ide.vscode from version 1.2.4 to 1.2.5
  com.unity.test-framework from version 1.1.29 to 1.1.31

=== Fri Aug 12 01:01:13 2022

Packages were changed.
Update Mode: updateDependencies

The following packages were updated:
  com.unity.cinemachine from version 2.6.4 to 2.8.4
  com.unity.ide.rider from version 2.0.7 to 3.0.12
  com.unity.render-pipelines.high-definition from version 10.8.1 to 12.1.6
  com.unity.timeline from version 1.4.8 to 1.6.4
